#
# There is insufficient memory for the Java Runtime Environment to continue.
# Native memory allocation (mmap) failed to map 67108864 bytes for G1 virtual space
# Possible reasons:
#   The system is out of physical RAM or swap space
#   The process is running with CompressedOops enabled, and the Java Heap may be blocking the growth of the native heap
# Possible solutions:
#   Reduce memory load on the system
#   Increase physical memory or swap space
#   Check if swap backing store is full
#   Decrease Java heap size (-Xmx/-Xms)
#   Decrease number of Java threads
#   Decrease Java thread stack sizes (-Xss)
#   Set larger code cache with -XX:ReservedCodeCacheSize=
#   JVM is running with Unscaled Compressed Oops mode in which the Java heap is
#     placed in the first 4GB address space. The Java Heap base address is the
#     maximum limit for the native heap growth. Please use -XX:HeapBaseMinAddress
#     to set the Java Heap base and to place the Java Heap above 4GB virtual address.
# This output file may be truncated or incomplete.
#
#  Out of Memory Error (os_windows.cpp:3532), pid=13604, tid=11888
#
# JRE version:  (17.0.2+8) (build )
# Java VM: OpenJDK 64-Bit Server VM (17.0.2+8-86, mixed mode, sharing, tiered, compressed oops, compressed class ptrs, g1 gc, windows-amd64)
# No core dump will be written. Minidumps are not enabled by default on client versions of Windows
#

---------------  S U M M A R Y ------------

Command Line: -Dfile.encoding=windows-1252 -Dstdout.encoding=windows-1252 -Dstderr.encoding=windows-1252 -XX:+ShowCodeDetailsInExceptionMessages Arrays.AllPairs

Host: Intel(R) Core(TM) i3-7020U CPU @ 2.30GHz, 4 cores, 3G,  Windows 10 , 64 bit Build 19041 (10.0.19041.3636)
Time: Mon Apr  1 02:49:41 2024 India Standard Time elapsed time: 0.027209 seconds (0d 0h 0m 0s)

---------------  T H R E A D  ---------------

Current thread (0x000001ab797672b0):  JavaThread "Unknown thread" [_thread_in_vm, id=11888, stack(0x0000000dc5900000,0x0000000dc5a00000)]

Stack: [0x0000000dc5900000,0x0000000dc5a00000]
Native frames: (J=compiled Java code, j=interpreted, Vv=VM code, C=native code)
V  [jvm.dll+0x670baa]
V  [jvm.dll+0x7cfcb4]
V  [jvm.dll+0x7d145e]
V  [jvm.dll+0x7d1ac3]
V  [jvm.dll+0x242bc5]
V  [jvm.dll+0x66dac9]
V  [jvm.dll+0x662412]
V  [jvm.dll+0x300c0b]
V  [jvm.dll+0x3081a6]
V  [jvm.dll+0x357d0e]
V  [jvm.dll+0x357f3f]
V  [jvm.dll+0x2d7ec8]
V  [jvm.dll+0x2d8e34]
V  [jvm.dll+0x7a18c1]
V  [jvm.dll+0x365a91]
V  [jvm.dll+0x780d2c]
V  [jvm.dll+0x3e845f]
V  [jvm.dll+0x3e9f01]
C  [jli.dll+0x527b]
C  [ucrtbase.dll+0x21bb2]
C  [KERNEL32.DLL+0x17344]
C  [ntdll.dll+0x526b1]


---------------  P R O C E S S  ---------------

Threads class SMR info:
_java_thread_list=0x00007ff9d2419858, length=0, elements={
}

Java Threads: ( => current thread )

Other Threads:
  0x000001ab79794980 GCTaskThread "GC Thread#0" [stack: 0x0000000dc5a00000,0x0000000dc5b00000] [id=18000]
  0x000001ab7979e520 ConcurrentGCThread "G1 Main Marker" [stack: 0x0000000dc5b00000,0x0000000dc5c00000] [id=9476]
  0x000001ab7979f5e0 ConcurrentGCThread "G1 Conc#0" [stack: 0x0000000dc5c00000,0x0000000dc5d00000] [id=13520]

[error occurred during error reporting (printing all threads), id 0xc0000005, EXCEPTION_ACCESS_VIOLATION (0xc0000005) at pc=0x00007ff9d1c688a7]

VM state: not at safepoint (not fully initialized)

VM Mutex/Monitor currently owned by a thread:  ([mutex/lock_event])
[0x000001ab79762000] Heap_lock - owner thread: 0x000001ab797672b0

Heap address: 0x00000000c1600000, size: 1002 MB, Compressed Oops mode: 32-bit

CDS archive(s) mapped at: [0x0000000000000000-0x0000000000000000-0x0000000000000000), size 0, SharedBaseAddress: 0x0000000800000000, ArchiveRelocationMode: 0.
Narrow klass base: 0x0000000000000000, Narrow klass shift: 0, Narrow klass range: 0x0

GC Precious Log:
<Empty>

Heap:
 garbage-first heap   total 0K, used 0K [0x00000000c1600000, 0x0000000100000000)
  region size 1024K, 0 young (0K), 0 survivors (0K)

[error occurred during error reporting (printing heap information), id 0xc0000005, EXCEPTION_ACCESS_VIOLATION (0xc0000005) at pc=0x00007ff9d2049f19]

GC Heap History (0 events):
No events

Deoptimization events (0 events):
No events

Classes unloaded (0 events):
No events

Classes redefined (0 events):
No events

Internal exceptions (0 events):
No events

VM Operations (0 events):
No events

Events (1 events):
Event: 0.019 Loaded shared library D:\Software\Dev_Tools\openjdk-17.0.2_windows-x64_bin\jdk-17.0.2\bin\java.dll


Dynamic libraries:
0x00007ff724540000 - 0x00007ff72454e000 	D:\Software\Dev_Tools\openjdk-17.0.2_windows-x64_bin\jdk-17.0.2\bin\javaw.exe
0x00007ffa56d10000 - 0x00007ffa56f08000 	C:\Windows\SYSTEM32\ntdll.dll
0x00007ffa55a60000 - 0x00007ffa55b1d000 	C:\Windows\System32\KERNEL32.DLL
0x00007ffa549c0000 - 0x00007ffa54cb6000 	C:\Windows\System32\KERNELBASE.dll
0x00007ffa54670000 - 0x00007ffa54770000 	C:\Windows\System32\ucrtbase.dll
0x00007ffa3c4f0000 - 0x00007ffa3c508000 	D:\Software\Dev_Tools\openjdk-17.0.2_windows-x64_bin\jdk-17.0.2\bin\jli.dll
0x00007ffa55550000 - 0x00007ffa556ee000 	C:\Windows\System32\USER32.dll
0x00007ffa3b4c0000 - 0x00007ffa3b4da000 	D:\Software\Dev_Tools\openjdk-17.0.2_windows-x64_bin\jdk-17.0.2\bin\VCRUNTIME140.dll
0x00007ffa54cc0000 - 0x00007ffa54ce2000 	C:\Windows\System32\win32u.dll
0x00007ffa55110000 - 0x00007ffa5513b000 	C:\Windows\System32\GDI32.dll
0x00007ffa548a0000 - 0x00007ffa549b7000 	C:\Windows\System32\gdi32full.dll
0x00007ffa543c0000 - 0x00007ffa5445d000 	C:\Windows\System32\msvcp_win.dll
0x00007ffa41940000 - 0x00007ffa41bda000 	C:\Windows\WinSxS\amd64_microsoft.windows.common-controls_6595b64144ccf1df_6.0.19041.3636_none_60b6a03d71f818d5\COMCTL32.dll
0x00007ffa55da0000 - 0x00007ffa55e3e000 	C:\Windows\System32\msvcrt.dll
0x00007ffa55500000 - 0x00007ffa55532000 	C:\Windows\System32\IMM32.DLL
0x00007ffa4f5c0000 - 0x00007ffa4f5cc000 	D:\Software\Dev_Tools\openjdk-17.0.2_windows-x64_bin\jdk-17.0.2\bin\vcruntime140_1.dll
0x00007ffa1c260000 - 0x00007ffa1c2ed000 	D:\Software\Dev_Tools\openjdk-17.0.2_windows-x64_bin\jdk-17.0.2\bin\msvcp140.dll
0x00007ff9d1980000 - 0x00007ff9d2541000 	D:\Software\Dev_Tools\openjdk-17.0.2_windows-x64_bin\jdk-17.0.2\bin\server\jvm.dll
0x00007ffa55b20000 - 0x00007ffa55bd0000 	C:\Windows\System32\ADVAPI32.dll
0x00007ffa55890000 - 0x00007ffa55930000 	C:\Windows\System32\sechost.dll
0x00007ffa54f50000 - 0x00007ffa55075000 	C:\Windows\System32\RPCRT4.dll
0x00007ffa54870000 - 0x00007ffa54897000 	C:\Windows\System32\bcrypt.dll
0x00007ffa55880000 - 0x00007ffa55888000 	C:\Windows\System32\PSAPI.DLL
0x00007ffa4f7c0000 - 0x00007ffa4f7c9000 	C:\Windows\SYSTEM32\WSOCK32.dll
0x00007ffa56bd0000 - 0x00007ffa56c3b000 	C:\Windows\System32\WS2_32.dll
0x00007ffa4ae80000 - 0x00007ffa4ae8a000 	C:\Windows\SYSTEM32\VERSION.dll
0x00007ffa445b0000 - 0x00007ffa445d7000 	C:\Windows\SYSTEM32\WINMM.dll
0x00007ffa52bc0000 - 0x00007ffa52bd2000 	C:\Windows\SYSTEM32\kernel.appcore.dll
0x00007ffa4db50000 - 0x00007ffa4db5a000 	D:\Software\Dev_Tools\openjdk-17.0.2_windows-x64_bin\jdk-17.0.2\bin\jimage.dll
0x00007ffa51fe0000 - 0x00007ffa521c4000 	C:\Windows\SYSTEM32\DBGHELP.DLL
0x00007ffa407c0000 - 0x00007ffa407f4000 	C:\Windows\SYSTEM32\dbgcore.DLL
0x00007ffa54770000 - 0x00007ffa547f2000 	C:\Windows\System32\bcryptPrimitives.dll
0x00007ffa30c40000 - 0x00007ffa30c65000 	D:\Software\Dev_Tools\openjdk-17.0.2_windows-x64_bin\jdk-17.0.2\bin\java.dll

dbghelp: loaded successfully - version: 4.0.5 - missing functions: none
symbol engine: initialized successfully - sym options: 0x614 - pdb path: .;D:\Software\Dev_Tools\openjdk-17.0.2_windows-x64_bin\jdk-17.0.2\bin;C:\Windows\SYSTEM32;C:\Windows\WinSxS\amd64_microsoft.windows.common-controls_6595b64144ccf1df_6.0.19041.3636_none_60b6a03d71f818d5;D:\Software\Dev_Tools\openjdk-17.0.2_windows-x64_bin\jdk-17.0.2\bin\server

VM Arguments:
jvm_args: -Dfile.encoding=windows-1252 -Dstdout.encoding=windows-1252 -Dstderr.encoding=windows-1252 -XX:+ShowCodeDetailsInExceptionMessages 
java_command: Arrays.AllPairs
java_class_path (initial): C:\Users\debas\eclipse-workspace\Tap\bin
Launcher Type: SUN_STANDARD

[Global flags]
     intx CICompilerCount                          = 3                                         {product} {ergonomic}
     uint ConcGCThreads                            = 1                                         {product} {ergonomic}
     uint G1ConcRefinementThreads                  = 4                                         {product} {ergonomic}
   size_t G1HeapRegionSize                         = 1048576                                   {product} {ergonomic}
    uintx GCDrainStackTargetSize                   = 64                                        {product} {ergonomic}
   size_t InitialHeapSize                          = 67108864                                  {product} {ergonomic}
   size_t MarkStackSize                            = 4194304                                   {product} {ergonomic}
   size_t MaxHeapSize                              = 1050673152                                {product} {ergonomic}
   size_t MinHeapDeltaBytes                        = 1048576                                   {product} {ergonomic}
   size_t MinHeapSize                              = 8388608                                   {product} {ergonomic}
    uintx NonNMethodCodeHeapSize                   = 5832780                                {pd product} {ergonomic}
    uintx NonProfiledCodeHeapSize                  = 122912730                              {pd product} {ergonomic}
    uintx ProfiledCodeHeapSize                     = 122912730                              {pd product} {ergonomic}
    uintx ReservedCodeCacheSize                    = 251658240                              {pd product} {ergonomic}
     bool SegmentedCodeCache                       = true                                      {product} {ergonomic}
     bool ShowCodeDetailsInExceptionMessages       = true                                   {manageable} {command line}
   size_t SoftMaxHeapSize                          = 1050673152                             {manageable} {ergonomic}
     bool UseCompressedClassPointers               = true                           {product lp64_product} {ergonomic}
     bool UseCompressedOops                        = true                           {product lp64_product} {ergonomic}
     bool UseG1GC                                  = true                                      {product} {ergonomic}
     bool UseLargePagesIndividualAllocation        = false                                  {pd product} {ergonomic}

Logging:
Log output configuration:
 #0: stdout all=warning uptime,level,tags
 #1: stderr all=off uptime,level,tags

Environment Variables:
JAVA_HOME=D:\Software\Dev_Tools\openjdk-17.0.2_windows-x64_bin\jdk-17.0.2
CLASSPATH=D:\Software\Utility\mysql-connector-j-8.0.32\mysql-connector-j-8.0.32\mysql-connector-j-8.0.32.jar;.;D:\Software\Utility\mysql-connector-j-8.0.32\mysql-connector-j-8.0.32\src;
PATH=C:/Program Files/Java/jdk-18.0.1.1/bin/server;C:/Program Files/Java/jdk-18.0.1.1/bin;C:\Program Files (x86)\Common Files\Oracle\Java\javapath;C:\Program Files\Java\jdk-18.0.1.1;C:\Program Files (x86)\Microsoft SQL Server\160\DTS\Binn\;C:\Program Files\Azure Data Studio\bin;C:\Program Files\Git\cmd;C:\Program Files\MySQL\MySQL Shell 8.2\bin\;C:\Program Files\MySQL\MySQL Shell 8.1\bin\;C:\Program Files\MySQL\MySQL Shell 8.0\bin\;C:\Users\debas\AppData\Local\Microsoft\WindowsApps;C:\Program Files\JetBrains\IntelliJ IDEA Community Edition 2022.1.3\bin;C:\Program Files\Java\jdk-18.0.1.1\bin;;C:\Program Files\Java\jdk-18.0.1.1\bin;C:\Program Files\Azure Data Studio\bin;C:\Program Files\Azure Data Studio\bin;C:\Users\debas\AppData\Local\Programs\Microsoft VS Code\bin;C:\Users\debas\OneDrive\Desktop;
USERNAME=debas
OS=Windows_NT
PROCESSOR_IDENTIFIER=Intel64 Family 6 Model 142 Stepping 9, GenuineIntel



---------------  S Y S T E M  ---------------

OS:
 Windows 10 , 64 bit Build 19041 (10.0.19041.3636)
OS uptime: 13 days 8:19 hours

CPU: total 4 (initial active 4) (2 cores per cpu, 2 threads per core) family 6 model 142 stepping 9 microcode 0xea, cx8, cmov, fxsr, ht, mmx, 3dnowpref, sse, sse2, sse3, ssse3, sse4.1, sse4.2, popcnt, lzcnt, tsc, tscinvbit, avx, avx2, aes, erms, clmul, bmi1, bmi2, adx, fma, vzeroupper, clflush, clflushopt

Memory: 4k page, system-wide physical 4001M (115M free)
TotalPageFile size 16289M (AvailPageFile size 58M)
current process WorkingSet (physical memory assigned to process): 10M, peak: 10M
current process commit charge ("private bytes"): 51M, peak: 115M

vm_info: OpenJDK 64-Bit Server VM (17.0.2+8-86) for windows-amd64 JRE (17.0.2+8-86), built on Dec  7 2021 21:49:10 by "mach5one" with MS VC++ 16.8 / 16.9 (VS2019)

END.
